<?xml version="1.0" encoding="UTF-8" ?>
<testsuite tests="16" failures="0" name="edu.yu.cs.com1320.project.stage4.impl.ProtectedDocStoreImplTest" time="0.165" errors="0" skipped="0">
  <properties>
    <property name="java.runtime.name" value="OpenJDK Runtime Environment"/>
    <property name="java.vm.version" value="13.0.2+8"/>
    <property name="sun.boot.library.path" value="/usr/local/Cellar/openjdk/13.0.2+8_2/libexec/openjdk.jdk/Contents/Home/lib"/>
    <property name="maven.multiModuleProjectDirectory" value="/users/michaelberk/Documents/CS Work/BerkMichael/DataStructures/project/stage4"/>
    <property name="java.vm.vendor" value="Oracle Corporation"/>
    <property name="java.vendor.url" value="https://openjdk.java.net/"/>
    <property name="guice.disable.misplaced.annotation.check" value="true"/>
    <property name="path.separator" value=":"/>
    <property name="java.vm.name" value="OpenJDK 64-Bit Server VM"/>
    <property name="user.country" value="US"/>
    <property name="sun.java.launcher" value="SUN_STANDARD"/>
    <property name="java.vm.specification.name" value="Java Virtual Machine Specification"/>
    <property name="user.dir" value="/Users/michaelberk/Documents/CS Work/BerkMichael/DataStructures/project/stage4"/>
    <property name="java.vm.compressedOopsMode" value="Zero based"/>
    <property name="java.runtime.version" value="13.0.2+8"/>
    <property name="os.arch" value="x86_64"/>
    <property name="java.io.tmpdir" value="/var/folders/h4/0vfrhck96c5bp8brt908gpfm0000gn/T/"/>
    <property name="line.separator" value="
"/>
    <property name="java.vm.specification.vendor" value="Oracle Corporation"/>
    <property name="os.name" value="Mac OS X"/>
    <property name="classworlds.conf" value="/usr/local/Cellar/maven/3.6.3_1/libexec/bin/m2.conf"/>
    <property name="sun.jnu.encoding" value="UTF-8"/>
    <property name="java.library.path" value="/Users/michaelberk/Library/Java/Extensions:/Library/Java/Extensions:/Network/Library/Java/Extensions:/System/Library/Java/Extensions:/usr/lib/java:."/>
    <property name="maven.conf" value="/usr/local/Cellar/maven/3.6.3_1/libexec/conf"/>
    <property name="jdk.debug" value="release"/>
    <property name="java.class.version" value="57.0"/>
    <property name="java.specification.name" value="Java Platform API Specification"/>
    <property name="sun.management.compiler" value="HotSpot 64-Bit Tiered Compilers"/>
    <property name="os.version" value="10.15.4"/>
    <property name="library.jansi.path" value="/usr/local/Cellar/maven/3.6.3_1/libexec/lib/jansi-native"/>
    <property name="http.nonProxyHosts" value="local|*.local|169.254/16|*.169.254/16"/>
    <property name="user.home" value="/Users/michaelberk"/>
    <property name="user.timezone" value="America/Chicago"/>
    <property name="file.encoding" value="UTF-8"/>
    <property name="java.specification.version" value="13"/>
    <property name="user.name" value="michaelberk"/>
    <property name="java.class.path" value="/usr/local/Cellar/maven/3.6.3_1/libexec/boot/plexus-classworlds-2.6.0.jar"/>
    <property name="java.vm.specification.version" value="13"/>
    <property name="sun.arch.data.model" value="64"/>
    <property name="sun.java.command" value="org.codehaus.plexus.classworlds.launcher.Launcher verify"/>
    <property name="java.home" value="/usr/local/Cellar/openjdk/13.0.2+8_2/libexec/openjdk.jdk/Contents/Home"/>
    <property name="user.language" value="en"/>
    <property name="java.specification.vendor" value="Oracle Corporation"/>
    <property name="java.vm.info" value="mixed mode, sharing"/>
    <property name="java.version" value="13.0.2"/>
    <property name="java.vendor" value="N/A"/>
    <property name="maven.home" value="/usr/local/Cellar/maven/3.6.3_1/libexec"/>
    <property name="file.separator" value="/"/>
    <property name="java.version.date" value="2020-01-14"/>
    <property name="java.vendor.url.bug" value="https://bugreport.java.com/bugreport/"/>
    <property name="sun.io.unicode.encoding" value="UnicodeBig"/>
    <property name="sun.cpu.endian" value="little"/>
    <property name="socksNonProxyHosts" value="local|*.local|169.254/16|*.169.254/16"/>
    <property name="ftp.nonProxyHosts" value="local|*.local|169.254/16|*.169.254/16"/>
  </properties>
  <testcase classname="edu.yu.cs.com1320.project.stage4.impl.ProtectedDocStoreImplTest" name="testMaxDocCount" time="0.008"/>
  <testcase classname="edu.yu.cs.com1320.project.stage4.impl.ProtectedDocStoreImplTest" name="testPDFPrefixSameTime" time="0.076"/>
  <testcase classname="edu.yu.cs.com1320.project.stage4.impl.ProtectedDocStoreImplTest" name="testPDFHaveSameTime" time="0.021"/>
  <testcase classname="edu.yu.cs.com1320.project.stage4.impl.ProtectedDocStoreImplTest" name="testGetAllDocs" time="0.005"/>
  <testcase classname="edu.yu.cs.com1320.project.stage4.impl.ProtectedDocStoreImplTest" name="overrideByteTotal" time="0.006"/>
  <testcase classname="edu.yu.cs.com1320.project.stage4.impl.ProtectedDocStoreImplTest" name="testTooFarUndo" time="0.004"/>
  <testcase classname="edu.yu.cs.com1320.project.stage4.impl.ProtectedDocStoreImplTest" name="testMaxSize" time="0.005"/>
  <testcase classname="edu.yu.cs.com1320.project.stage4.impl.ProtectedDocStoreImplTest" name="testByteSizeTooBig" time="0.005"/>
  <testcase classname="edu.yu.cs.com1320.project.stage4.impl.ProtectedDocStoreImplTest" name="testUndoMultipleDocs" time="0.014"/>
  <testcase classname="edu.yu.cs.com1320.project.stage4.impl.ProtectedDocStoreImplTest" name="removeEverything" time="0.005"/>
  <testcase classname="edu.yu.cs.com1320.project.stage4.impl.ProtectedDocStoreImplTest" name="testReheapify" time="0.002"/>
  <testcase classname="edu.yu.cs.com1320.project.stage4.impl.ProtectedDocStoreImplTest" name="testDocCount" time="0.004"/>
  <testcase classname="edu.yu.cs.com1320.project.stage4.impl.ProtectedDocStoreImplTest" name="testOldest" time="0.003"/>
  <testcase classname="edu.yu.cs.com1320.project.stage4.impl.ProtectedDocStoreImplTest" name="docPrefixSameTime" time="0.003"/>
  <testcase classname="edu.yu.cs.com1320.project.stage4.impl.ProtectedDocStoreImplTest" name="testDocsHaveSameTime" time="0.002"/>
  <testcase classname="edu.yu.cs.com1320.project.stage4.impl.ProtectedDocStoreImplTest" name="putD1" time="0.002"/>
</testsuite>